Picked up _JAVA_OPTIONS: -Djava.io.tmpdir=/home/egueret/Stage_UM_ISEM/Données_CRECHE/cromwell-executions/Data_PreProcessing/881a3132-ac96-4ae5-af9d-b79aab79e27e/call-BaseRecalibrator/shard-0/tmp.6dcf7fc3
12:48:19.615 INFO  NativeLibraryLoader - Loading libgkl_compression.so from jar:file:/home/egueret/Stage_UM_ISEM/Donn%c3%a9es_CRECHE/cromwell-executions/Data_PreProcessing/881a3132-ac96-4ae5-af9d-b79aab79e27e/call-BaseRecalibrator/shard-0/inputs/home/egueret/tools/gatk-4.0.3.0/gatk.jar!/com/intel/gkl/native/libgkl_compression.so
12:48:19.817 INFO  BaseRecalibrator - ------------------------------------------------------------
12:48:19.817 INFO  BaseRecalibrator - The Genome Analysis Toolkit (GATK) v4.0.3.0
12:48:19.817 INFO  BaseRecalibrator - For support and documentation go to https://software.broadinstitute.org/gatk/
12:48:19.817 INFO  BaseRecalibrator - Executing as egueret@compute-0-10.local on Linux v2.6.32-504.16.2.el6.x86_64 amd64
12:48:19.817 INFO  BaseRecalibrator - Java runtime: OpenJDK 64-Bit Server VM v1.8.0_121-b13
12:48:19.817 INFO  BaseRecalibrator - Start Date/Time: 9 mai 2018 12:48:19 CEST
12:48:19.818 INFO  BaseRecalibrator - ------------------------------------------------------------
12:48:19.818 INFO  BaseRecalibrator - ------------------------------------------------------------
12:48:19.818 INFO  BaseRecalibrator - HTSJDK Version: 2.14.3
12:48:19.818 INFO  BaseRecalibrator - Picard Version: 2.17.2
12:48:19.818 INFO  BaseRecalibrator - HTSJDK Defaults.COMPRESSION_LEVEL : 2
12:48:19.818 INFO  BaseRecalibrator - HTSJDK Defaults.USE_ASYNC_IO_READ_FOR_SAMTOOLS : false
12:48:19.818 INFO  BaseRecalibrator - HTSJDK Defaults.USE_ASYNC_IO_WRITE_FOR_SAMTOOLS : true
12:48:19.818 INFO  BaseRecalibrator - HTSJDK Defaults.USE_ASYNC_IO_WRITE_FOR_TRIBBLE : false
12:48:19.819 INFO  BaseRecalibrator - Deflater: IntelDeflater
12:48:19.819 INFO  BaseRecalibrator - Inflater: IntelInflater
12:48:19.819 INFO  BaseRecalibrator - GCS max retries/reopens: 20
12:48:19.819 INFO  BaseRecalibrator - Using google-cloud-java patch 6d11bef1c81f885c26b2b56c8616b7a705171e4f from https://github.com/droazen/google-cloud-java/tree/dr_all_nio_fixes
12:48:19.819 INFO  BaseRecalibrator - Initializing engine
12:48:19.870 INFO  BaseRecalibrator - Shutting down engine
[9 mai 2018 12:48:19 CEST] org.broadinstitute.hellbender.tools.walkers.bqsr.BaseRecalibrator done. Elapsed time: 0.00 minutes.
Runtime.totalMemory()=1764229120
***********************************************************************

A USER ERROR has occurred: Fasta index file file:///home/egueret/Stage_UM_ISEM/Donn%C3%A9es_CRECHE/cromwell-executions/Data_PreProcessing/881a3132-ac96-4ae5-af9d-b79aab79e27e/call-BaseRecalibrator/shard-0/inputs/home/egueret/Stage_UM_ISEM/Donn%C3%A9es_CRECHE/ref/labrax.fa.fai for reference file:///home/egueret/Stage_UM_ISEM/Donn%C3%A9es_CRECHE/cromwell-executions/Data_PreProcessing/881a3132-ac96-4ae5-af9d-b79aab79e27e/call-BaseRecalibrator/shard-0/inputs/home/egueret/Stage_UM_ISEM/Donn%C3%A9es_CRECHE/ref/labrax.fa does not exist. Please see http://gatkforums.broadinstitute.org/discussion/1601/how-can-i-prepare-a-fasta-file-to-use-as-reference for help creating it.

***********************************************************************
Set the system property GATK_STACKTRACE_ON_USER_EXCEPTION (--java-options '-DGATK_STACKTRACE_ON_USER_EXCEPTION=true') to print the stack trace.
